# JRE version: Java(TM) SE Runtime Environment (8.0_51-b16) (build 1.8.0_51-b16)
# Java VM: Java HotSpot(TM) 64-Bit Server VM (25.51-b03 mixed mode windows-amd64 compressed oops)
Heap:
 PSYoungGen      total 71168K, used 62464K [0x00000000eab00000, 0x00000000f3800000, 0x0000000100000000)
  eden space 62464K, 100% used [0x00000000eab00000,0x00000000ee800000,0x00000000ee800000)
  from space 8704K, 0% used [0x00000000ee800000,0x00000000ee800000,0x00000000ef080000)
  to   space 22016K, 0% used [0x00000000f2280000,0x00000000f2280000,0x00000000f3800000)
 ParOldGen       total 43008K, used 42768K [0x00000000c0000000, 0x00000000c2a00000, 0x00000000eab00000)
  object space 43008K, 99% used [0x00000000c0000000,0x00000000c29c43f8,0x00000000c2a00000)
 Metaspace       used 6648K, capacity 7448K, committed 7680K, reserved 1056768K
  class space    used 625K, capacity 656K, committed 768K, reserved 1048576K
GC Heap History (10 events):
Event: 6.084 GC heap before
{Heap before GC invocations=8 (full 0):
 PSYoungGen      total 71168K, used 71150K [0x00000000eab00000, 0x00000000f3f00000, 0x0000000100000000)
  eden space 62464K, 100% used [0x00000000eab00000,0x00000000ee800000,0x00000000ee800000)
  from space 8704K, 99% used [0x00000000ee800000,0x00000000ef07bbd8,0x00000000ef080000)
  to   space 13312K, 0% used [0x00000000f3200000,0x00000000f3200000,0x00000000f3f00000)
 ParOldGen       total 42496K, used 23879K [0x00000000c0000000, 0x00000000c2980000, 0x00000000eab00000)
  object space 42496K, 56% used [0x00000000c0000000,0x00000000c1751c58,0x00000000c2980000)
 Metaspace       used 6330K, capacity 7220K, committed 7296K, reserved 1056768K
  class space    used 605K, capacity 620K, committed 640K, reserved 1048576K
Event: 6.125 GC heap after
Heap after GC invocations=8 (full 0):
 PSYoungGen      total 75776K, used 13309K [0x00000000eab00000, 0x00000000f3f00000, 0x0000000100000000)
  eden space 62464K, 0% used [0x00000000eab00000,0x00000000eab00000,0x00000000ee800000)
  from space 13312K, 99% used [0x00000000f3200000,0x00000000f3eff420,0x00000000f3f00000)
  to   space 8704K, 0% used [0x00000000ee800000,0x00000000ee800000,0x00000000ef080000)
 ParOldGen       total 42496K, used 28143K [0x00000000c0000000, 0x00000000c2980000, 0x00000000eab00000)
  object space 42496K, 66% used [0x00000000c0000000,0x00000000c1b7bf08,0x00000000c2980000)
 Metaspace       used 6330K, capacity 7220K, committed 7296K, reserved 1056768K
  class space    used 605K, capacity 620K, committed 640K, reserved 1048576K
}
Event: 6.613 GC heap before
{Heap before GC invocations=9 (full 0):
 PSYoungGen      total 75776K, used 75773K [0x00000000eab00000, 0x00000000f3f00000, 0x0000000100000000)
  eden space 62464K, 100% used [0x00000000eab00000,0x00000000ee800000,0x00000000ee800000)
  from space 13312K, 99% used [0x00000000f3200000,0x00000000f3eff420,0x00000000f3f00000)
  to   space 8704K, 0% used [0x00000000ee800000,0x00000000ee800000,0x00000000ef080000)
 ParOldGen       total 42496K, used 28143K [0x00000000c0000000, 0x00000000c2980000, 0x00000000eab00000)
  object space 42496K, 66% used [0x00000000c0000000,0x00000000c1b7bf08,0x00000000c2980000)
 Metaspace       used 6355K, capacity 7220K, committed 7296K, reserved 1056768K
  class space    used 605K, capacity 620K, committed 640K, reserved 1048576K
Event: 6.670 GC heap after
Heap after GC invocations=9 (full 0):
 PSYoungGen      total 71168K, used 8694K [0x00000000eab00000, 0x00000000f3800000, 0x0000000100000000)
  eden space 62464K, 0% used [0x00000000eab00000,0x00000000eab00000,0x00000000ee800000)
  from space 8704K, 99% used [0x00000000ee800000,0x00000000ef07dbd8,0x00000000ef080000)
  to   space 22016K, 0% used [0x00000000f2280000,0x00000000f2280000,0x00000000f3800000)
 ParOldGen       total 43008K, used 42726K [0x00000000c0000000, 0x00000000c2a00000, 0x00000000eab00000)
  object space 43008K, 99% used [0x00000000c0000000,0x00000000c29b9820,0x00000000c2a00000)
 Metaspace       used 6355K, capacity 7220K, committed 7296K, reserved 1056768K
  class space    used 605K, capacity 620K, committed 640K, reserved 1048576K
}
Event: 6.670 GC heap before
{Heap before GC invocations=10 (full 1):
 PSYoungGen      total 71168K, used 8694K [0x00000000eab00000, 0x00000000f3800000, 0x0000000100000000)
  eden space 62464K, 0% used [0x00000000eab00000,0x00000000eab00000,0x00000000ee800000)
  from space 8704K, 99% used [0x00000000ee800000,0x00000000ef07dbd8,0x00000000ef080000)
  to   space 22016K, 0% used [0x00000000f2280000,0x00000000f2280000,0x00000000f3800000)
 ParOldGen       total 43008K, used 42726K [0x00000000c0000000, 0x00000000c2a00000, 0x00000000eab00000)
  object space 43008K, 99% used [0x00000000c0000000,0x00000000c29b9820,0x00000000c2a00000)
 Metaspace       used 6355K, capacity 7220K, committed 7296K, reserved 1056768K
  class space    used 605K, capacity 620K, committed 640K, reserved 1048576K
Event: 7.207 GC heap after
Heap after GC invocations=10 (full 1):
 PSYoungGen      total 71168K, used 2546K [0x00000000eab00000, 0x00000000f3800000, 0x0000000100000000)
  eden space 62464K, 0% used [0x00000000eab00000,0x00000000eab00000,0x00000000ee800000)
  from space 8704K, 29% used [0x00000000ee800000,0x00000000eea7c830,0x00000000ef080000)
  to   space 22016K, 0% used [0x00000000f2280000,0x00000000f2280000,0x00000000f3800000)
 ParOldGen       total 43008K, used 42643K [0x00000000c0000000, 0x00000000c2a00000, 0x00000000eab00000)
  object space 43008K, 99% used [0x00000000c0000000,0x00000000c29a4c88,0x00000000c2a00000)
 Metaspace       used 6355K, capacity 7220K, committed 7296K, reserved 1056768K
  class space    used 605K, capacity 620K, committed 640K, reserved 1048576K
}
Event: 7.585 GC heap before
{Heap before GC invocations=11 (full 2):
 PSYoungGen      total 71168K, used 65010K [0x00000000eab00000, 0x00000000f3800000, 0x0000000100000000)
  eden space 62464K, 100% used [0x00000000eab00000,0x00000000ee800000,0x00000000ee800000)
  from space 8704K, 29% used [0x00000000ee800000,0x00000000eea7c830,0x00000000ef080000)
  to   space 22016K, 0% used [0x00000000f2280000,0x00000000f2280000,0x00000000f3800000)
 ParOldGen       total 43008K, used 42643K [0x00000000c0000000, 0x00000000c2a00000, 0x00000000eab00000)
  object space 43008K, 99% used [0x00000000c0000000,0x00000000c29a4c88,0x00000000c2a00000)
 Metaspace       used 6364K, capacity 7220K, committed 7296K, reserved 1056768K
  class space    used 605K, capacity 620K, committed 640K, reserved 1048576K
Event: 8.026 GC heap after
Heap after GC invocations=11 (full 2):
 PSYoungGen      total 71168K, used 9952K [0x00000000eab00000, 0x00000000f3800000, 0x0000000100000000)
  eden space 62464K, 15% used [0x00000000eab00000,0x00000000eb4b8308,0x00000000ee800000)
  from space 8704K, 0% used [0x00000000ee800000,0x00000000ee800000,0x00000000ef080000)
  to   space 22016K, 0% used [0x00000000f2280000,0x00000000f2280000,0x00000000f3800000)
 ParOldGen       total 43008K, used 42982K [0x00000000c0000000, 0x00000000c2a00000, 0x00000000eab00000)
  object space 43008K, 99% used [0x00000000c0000000,0x00000000c29f9ac8,0x00000000c2a00000)
 Metaspace       used 6364K, capacity 7220K, committed 7296K, reserved 1056768K
  class space    used 605K, capacity 620K, committed 640K, reserved 1048576K
}
Event: 8.537 GC heap before
{Heap before GC invocations=12 (full 3):
 PSYoungGen      total 71168K, used 62464K [0x00000000eab00000, 0x00000000f3800000, 0x0000000100000000)
  eden space 62464K, 100% used [0x00000000eab00000,0x00000000ee800000,0x00000000ee800000)
  from space 8704K, 0% used [0x00000000ee800000,0x00000000ee800000,0x00000000ef080000)
  to   space 22016K, 0% used [0x00000000f2280000,0x00000000f2280000,0x00000000f3800000)
 ParOldGen       total 43008K, used 42982K [0x00000000c0000000, 0x00000000c2a00000, 0x00000000eab00000)
  object space 43008K, 99% used [0x00000000c0000000,0x00000000c29f9ac8,0x00000000c2a00000)
 Metaspace       used 6371K, capacity 7220K, committed 7296K, reserved 1056768K
  class space    used 605K, capacity 620K, committed 640K, reserved 1048576K
Event: 8.926 GC heap after
Heap after GC invocations=12 (full 3):
 PSYoungGen      total 71168K, used 17411K [0x00000000eab00000, 0x00000000f3800000, 0x0000000100000000)
  eden space 62464K, 27% used [0x00000000eab00000,0x00000000ebc00ec0,0x00000000ee800000)
  from space 8704K, 0% used [0x00000000ee800000,0x00000000ee800000,0x00000000ef080000)
  to   space 22016K, 0% used [0x00000000f2280000,0x00000000f2280000,0x00000000f3800000)
 ParOldGen       total 43008K, used 42768K [0x00000000c0000000, 0x00000000c2a00000, 0x00000000eab00000)
  object space 43008K, 99% used [0x00000000c0000000,0x00000000c29c43f8,0x00000000c2a00000)
 Metaspace       used 6371K, capacity 7220K, committed 7296K, reserved 1056768K
  class space    used 605K, capacity 620K, committed 640K, reserved 1048576K
}

